<?xml version="1.0" encoding="UTF-8"?>
<robot generator="Robot 7.0 (Python 3.12.3 on win32)" generated="2024-05-18T15:51:01.882063" rpa="false" schemaversion="5">
<suite id="s1" name="Player" source="C:\QAx\projects\parodify-robot\player.robot">
<test id="s1-t1" name="Deve abrir e logar o utilizador" line="5">
<kw name="New Browser" owner="Browser">
<msg time="2024-05-18T15:51:03.852366" level="INFO">{"browser": "chromium", "headless": false, "chromiumSandbox": false, "devtools": false, "handleSIGHUP": true, "handleSIGINT": true, "handleSIGTERM": true, "slowMo": 0.0, "timeout": 30000.0, "tracesDir": "C:\\QAx\\projects\\parodify-robot\\logs\\browser\\traces\\b4526b96-6796-457d-a014-7b6a1dcf4be6"}</msg>
<msg time="2024-05-18T15:51:04.488459" level="INFO">Successfully created browser with options: {"browser":"chromium","headless":false,"chromiumSandbox":false,"devtools":false,"handleSIGHUP":true,"handleSIGINT":true,"handleSIGTERM":true,"slowMo":0,"timeout":30000,"tracesDir":"C:\\QAx\\projects\\parodify-robot\\logs\\browser\\traces\\b4526b96-6796-457d-a014-7b6a1dcf4be6"}</msg>
<arg>browser=chromium</arg>
<arg>headless=False</arg>
<tag>BrowserControl</tag>
<tag>Setter</tag>
<doc>Create a new playwright Browser with specified options.</doc>
<status status="PASS" start="2024-05-18T15:51:03.851325" elapsed="0.637134"/>
</kw>
<kw name="New Page" owner="Browser">
<msg time="2024-05-18T15:51:05.701795" level="INFO">Successfully initialized new page object and opened url: https://parodify.vercel.app</msg>
<msg time="2024-05-18T15:51:05.701795" level="INFO">No context was open. New context was automatically opened when this page is created.</msg>
<arg>https://parodify.vercel.app</arg>
<tag>BrowserControl</tag>
<tag>Setter</tag>
<doc>Open a new Page.</doc>
<status status="PASS" start="2024-05-18T15:51:04.489480" elapsed="1.213315"/>
</kw>
<kw name="Get Text" owner="Browser">
<msg time="2024-05-18T15:51:05.852205" level="INFO">Text: 'Fernando Papito'</msg>
<arg>css=.logged-user</arg>
<arg>contains</arg>
<arg>Fernando Papito</arg>
<tag>Assertion</tag>
<tag>Getter</tag>
<tag>PageContent</tag>
<doc>Returns text attribute of the element found by ``selector``.</doc>
<status status="PASS" start="2024-05-18T15:51:05.702795" elapsed="0.149410"/>
</kw>
<kw name="Sleep" owner="BuiltIn">
<msg time="2024-05-18T15:51:07.853880" level="INFO">Slept 2 seconds.</msg>
<arg>2</arg>
<doc>Pauses the test executed for the given time.</doc>
<status status="PASS" start="2024-05-18T15:51:05.853139" elapsed="2.000741"/>
</kw>
<status status="PASS" start="2024-05-18T15:51:03.844465" elapsed="4.010360"/>
</test>
<status status="PASS" start="2024-05-18T15:51:01.885473" elapsed="6.146778"/>
</suite>
<statistics>
<total>
<stat pass="1" fail="0" skip="0">All Tests</stat>
</total>
<tag>
</tag>
<suite>
<stat pass="1" fail="0" skip="0" id="s1" name="Player">Player</stat>
</suite>
</statistics>
<errors>
</errors>
</robot>
